


ARM Macro Assembler    Page 1 


    1 00000000                 area             adddition,code,readonly
    2 00000000         
    3 00000000         entry
    4 00000000         
    5 00000000         
    6 00000000 E3A01005        mov              r1,#0x005
    7 00000004 E3A02003        mov              r2,#0x003
    8 00000008 E0823001        add              r3,r2,r1
    9 0000000C         
   10 0000000C EAFFFFFE 
                       exit    b                exit
   11 00000010         end
                       
Command Line: --debug --xref --apcs=interwork --depend=.\p1.d -o.\p1.o -IC:\Kei
l\ARM\RV31\INC -IC:\Keil\ARM\CMSIS\Include -IC:\Keil\ARM\Inc\Philips --predefin
e="__EVAL SETA 1" --list=.\p1.lst p1.s



ARM Macro Assembler    Page 1 Alphabetic symbol ordering
Relocatable symbols

adddition 00000000

Symbol: adddition
   Definitions
      At line 1 in file p1.s
   Uses
      None
Comment: adddition unused
end 00000010

Symbol: end
   Definitions
      At line 11 in file p1.s
   Uses
      None
Comment: end unused
entry 00000000

Symbol: entry
   Definitions
      At line 3 in file p1.s
   Uses
      None
Comment: entry unused
exit 0000000C

Symbol: exit
   Definitions
      At line 10 in file p1.s
   Uses
      At line 10 in file p1.s
Comment: exit used once
4 symbols
335 symbols in table
