


ARM Macro Assembler    Page 1 


    1 00000000                 area             datatransfer,code,readonly
    2 00000000         entry
    3 00000000 E3A01005        mov              r1,#0x05
    4 00000004 E3A02008        mov              r2,#0x08
    5 00000008 E0813002        add              r3,r1,r2
    6 0000000C EAFFFFFE 
                       exit    b                exit
    7 00000010                 end
Command Line: --debug --xref --apcs=interwork --depend=.\p2.d -o.\p2.o -IC:\Kei
l\ARM\RV31\INC -IC:\Keil\ARM\CMSIS\Include -IC:\Keil\ARM\Inc\Philips --predefin
e="__EVAL SETA 1" --list=.\p2.lst p2.s



ARM Macro Assembler    Page 1 Alphabetic symbol ordering
Relocatable symbols

datatransfer 00000000

Symbol: datatransfer
   Definitions
      At line 1 in file p2.s
   Uses
      None
Comment: datatransfer unused
entry 00000000

Symbol: entry
   Definitions
      At line 2 in file p2.s
   Uses
      None
Comment: entry unused
exit 0000000C

Symbol: exit
   Definitions
      At line 6 in file p2.s
   Uses
      At line 6 in file p2.s
Comment: exit used once
3 symbols
334 symbols in table
