


ARM Macro Assembler    Page 1 


    1 00000000                 area             sum,code,readonly
    2 00000000         entry
    3 00000000 E3A0000A        mov              r0,#10      ;
    4 00000004 E1A01000        mov              r1,r0
    5 00000008 E3A03000        mov              r3,#0
    6 0000000C E2511001 
                       loop    subs             r1,r1,#1
    7 00000010 E3510000        cmp              r1,#0
    8 00000014 0A000002        beq              exit
    9 00000018 E0813000        add              r3,r1,r0
   10 0000001C E1A00003        mov              r0,r3
   11 00000020 EAFFFFF9        b                loop
   12 00000024 EAFFFFFE 
                       exit    b                exit
   13 00000028                 end
Command Line: --debug --xref --apcs=interwork --depend=.\p4.d -o.\p4.o -IC:\Kei
l\ARM\RV31\INC -IC:\Keil\ARM\CMSIS\Include -IC:\Keil\ARM\Inc\Philips --predefin
e="__EVAL SETA 1" --list=.\p4.lst p4.s



ARM Macro Assembler    Page 1 Alphabetic symbol ordering
Relocatable symbols

entry 00000000

Symbol: entry
   Definitions
      At line 2 in file p4.s
   Uses
      None
Comment: entry unused
exit 00000024

Symbol: exit
   Definitions
      At line 12 in file p4.s
   Uses
      At line 8 in file p4.s
      At line 12 in file p4.s

loop 0000000C

Symbol: loop
   Definitions
      At line 6 in file p4.s
   Uses
      At line 11 in file p4.s
Comment: loop used once
sum 00000000

Symbol: sum
   Definitions
      At line 1 in file p4.s
   Uses
      None
Comment: sum unused
4 symbols
335 symbols in table
