


ARM Macro Assembler    Page 1 


    1 00000000                 area             num1,code,readonly
    2 00000000         entry
    3 00000000 E59F0040        ldr              r0,=num
    4 00000004 E59F5040        ldr              r5,=zeros
    5 00000008 E59F6040        ldr              r6,=ones
    6 0000000C E1D010B0        ldrh             r1,[r0]
    7 00000010 E3A04010        mov              r4,#16
    8 00000014 E3A02000        mov              r2,#0
    9 00000018 E1A03002        mov              r3,r2
   10 0000001C E1B010E1 
                       back    rors             r1,r1,#1
   11 00000020 3A000001        bcc              nxt
   12 00000024 E2822001        add              r2,r2,#1
   13 00000028 EA000000        b                nxtl
   14 0000002C E2833001 
                       nxt     add              r3, r3,#1
   15 00000030 E2544001 
                       nxtl    subs             r4,r4,#1
   16 00000034 1AFFFFF8        bne              back
   17 00000038 E5853000        str              r3,[r5]
   18 0000003C E5862000        str              r2,[r6]
   19 00000040         
   20 00000040 EAFFFFFE 
                       exit    b                exit
   21 00000044 00000003 
                       num     dcd              0x03
   22 00000048 00000000 
              00000000 
              00000000         area             num2,data,readwrite
   23 00000000 00000000 
                       ones    dcd              0
   24 00000004 00000000 
                       zeros   dcd              0
   25 00000008                 end
Command Line: --debug --xref --apcs=interwork --depend=.\p6.d -o.\p6.o -IC:\Kei
l\ARM\RV31\INC -IC:\Keil\ARM\CMSIS\Include -IC:\Keil\ARM\Inc\Philips --predefin
e="__EVAL SETA 1" --list=.\p6.lst p6.s



ARM Macro Assembler    Page 1 Alphabetic symbol ordering
Relocatable symbols

back 0000001C

Symbol: back
   Definitions
      At line 10 in file p6.s
   Uses
      At line 16 in file p6.s
Comment: back used once
entry 00000000

Symbol: entry
   Definitions
      At line 2 in file p6.s
   Uses
      None
Comment: entry unused
exit 00000040

Symbol: exit
   Definitions
      At line 20 in file p6.s
   Uses
      At line 20 in file p6.s
Comment: exit used once
num 00000044

Symbol: num
   Definitions
      At line 21 in file p6.s
   Uses
      At line 3 in file p6.s
Comment: num used once
num1 00000000

Symbol: num1
   Definitions
      At line 1 in file p6.s
   Uses
      None
Comment: num1 unused
nxt 0000002C

Symbol: nxt
   Definitions
      At line 14 in file p6.s
   Uses
      At line 11 in file p6.s
Comment: nxt used once
nxtl 00000030

Symbol: nxtl
   Definitions
      At line 15 in file p6.s
   Uses
      At line 13 in file p6.s
Comment: nxtl used once
7 symbols



ARM Macro Assembler    Page 1 Alphabetic symbol ordering
Relocatable symbols

num2 00000000

Symbol: num2
   Definitions
      At line 22 in file p6.s
   Uses
      None
Comment: num2 unused
ones 00000000

Symbol: ones
   Definitions
      At line 23 in file p6.s
   Uses
      At line 5 in file p6.s
Comment: ones used once
zeros 00000004

Symbol: zeros
   Definitions
      At line 24 in file p6.s
   Uses
      At line 4 in file p6.s
Comment: zeros used once
3 symbols
343 symbols in table
