C51 COMPILER V8.05a   PROGRAM8                                                             04/28/2025 02:00:25 PAGE 1   


C51 COMPILER V8.05a, COMPILATION OF MODULE PROGRAM8
OBJECT MODULE PLACED IN program8.OBJ
COMPILER INVOKED BY: C:\Keil\C51\BIN\C51.EXE program8.c BROWSE DEBUG OBJECTEXTEND

line level    source

   1          #include <reg51.h>
   2          #include<stdio.h>
   3          
   4          void main ()
   5          {
   6   1              unsigned int i;
   7   1              unsigned char num = 5;
   8   1              unsigned long factorial = 1;
   9   1              for (i=1; i<=num; i++)
  10   1              {
  11   2              factorial = factorial * 1;
  12   2              }
  13   1      }


MODULE INFORMATION:   STATIC OVERLAYABLE
   CODE SIZE        =     45    ----
   CONSTANT SIZE    =   ----    ----
   XDATA SIZE       =   ----    ----
   PDATA SIZE       =   ----    ----
   DATA SIZE        =   ----       4
   IDATA SIZE       =   ----    ----
   BIT SIZE         =   ----    ----
END OF MODULE INFORMATION.


C51 COMPILATION COMPLETE.  0 WARNING(S),  0 ERROR(S)
