C51 COMPILER V8.05a   PROGRAM9                                                             04/28/2025 02:24:43 PAGE 1   


C51 COMPILER V8.05a, COMPILATION OF MODULE PROGRAM9
OBJECT MODULE PLACED IN program9.OBJ
COMPILER INVOKED BY: C:\Keil\C51\BIN\C51.EXE program9.c BROWSE DEBUG OBJECTEXTEND

line level    source

   1          #include <reg51.h>
   2          #include <stdio.h>
   3          
   4          char convertCase(char c) {
   5   1              if(c >= 'a' && c <= 'z') {
   6   2                      return c - ('a' - 'A');
   7   2              } else if(c >= 'A' && c <= 'Z') {
   8   2                      return c + ('a' - 'A');
   9   2              }
  10   1              return c;
  11   1      }
  12          
  13          int main() {
  14   1              char str[] = "Hello world!";
  15   1              int i;
  16   1              for(i=0; str[i]!='\0'; i++) {
  17   2                      str[i] = convertCase(str[i]);
  18   2              }
  19   1              return 0;
  20   1      }


MODULE INFORMATION:   STATIC OVERLAYABLE
   CODE SIZE        =     93    ----
   CONSTANT SIZE    =     13    ----
   XDATA SIZE       =   ----    ----
   PDATA SIZE       =   ----    ----
   DATA SIZE        =   ----      13
   IDATA SIZE       =   ----    ----
   BIT SIZE         =   ----    ----
END OF MODULE INFORMATION.


C51 COMPILATION COMPLETE.  0 WARNING(S),  0 ERROR(S)
